0 info it worked if it ends with ok
1 verbose cli [ 'C:\\Program Files\\nodejs\\node.exe',
1 verbose cli   'C:\\Program Files\\nodejs\\node_modules\\npm\\bin\\npm-cli.js',
1 verbose cli   'run',
1 verbose cli   'dist_win' ]
2 info using npm@3.10.10
3 info using node@v6.10.0
4 verbose run-script [ 'predist_win', 'dist_win', 'postdist_win' ]
5 info lifecycle HoutaiGuanli@1.0.0~predist_win: HoutaiGuanli@1.0.0
6 silly lifecycle HoutaiGuanli@1.0.0~predist_win: no script for predist_win, continuing
7 info lifecycle HoutaiGuanli@1.0.0~dist_win: HoutaiGuanli@1.0.0
8 verbose lifecycle HoutaiGuanli@1.0.0~dist_win: unsafe-perm in lifecycle true
9 verbose lifecycle HoutaiGuanli@1.0.0~dist_win: PATH: C:\Program Files\nodejs\node_modules\npm\bin\node-gyp-bin;C:\GitWorkSpace\HoutaiGuanli\node_modules\.bin;C:\Users\rd08\bin;C:\Program Files\Git\mingw64\bin;C:\Program Files\Git\usr\local\bin;C:\Program Files\Git\usr\bin;C:\Program Files\Git\usr\bin;C:\Program Files\Git\mingw64\bin;C:\Program Files\Git\usr\bin;C:\Users\rd08\bin;C:\Program Files (x86)\Common Files\NetSarang;C:\ProgramData\Oracle\Java\javapath;C:\Windows\system32;C:\Windows;C:\Windows\System32\Wbem;C:\Windows\System32\WindowsPowerShell\v1.0;C:\Program Files (x86)\NVIDIA Corporation\PhysX\Common;C:\Program Files\Java\jdk1.8.0_121\bin;C:\Program Files\Java\jdk1.8.0_121\jre\bin;C:\Program Files\nodejs;C:\WINDOWS\system32;C:\WINDOWS;C:\WINDOWS\System32\Wbem;C:\WINDOWS\System32\WindowsPowerShell\v1.0;C:\Program Files (x86)\Yarn\bin;C:\Program Files\maven\bin;C:\Users\rd08\AppData\Roaming\npm;C:\Users\rd08\AppData\Local\Microsoft\WindowsApps;C:\Program Files (x86)\SSH Communications Security\SSH Secure Shell;C:\Program Files\Microsoft VS Code\bin;C:\Users\rd08\AppData\Local\Yarn\bin;C:\Program Files\Git\usr\bin\vendor_perl;C:\Program Files\Git\usr\bin\core_perl
10 verbose lifecycle HoutaiGuanli@1.0.0~dist_win: CWD: C:\GitWorkSpace\HoutaiGuanli
11 silly lifecycle HoutaiGuanli@1.0.0~dist_win: Args: [ '/d /s /c',
11 silly lifecycle   'set WEBPACK_ENV=online&& node_modules/.bin/webpack -p' ]
12 silly lifecycle HoutaiGuanli@1.0.0~dist_win: Returned: code: 1  signal: null
13 info lifecycle HoutaiGuanli@1.0.0~dist_win: Failed to exec dist_win script
14 verbose stack Error: HoutaiGuanli@1.0.0 dist_win: `set WEBPACK_ENV=online&& node_modules/.bin/webpack -p`
14 verbose stack Exit status 1
14 verbose stack     at EventEmitter.<anonymous> (C:\Program Files\nodejs\node_modules\npm\lib\utils\lifecycle.js:255:16)
14 verbose stack     at emitTwo (events.js:106:13)
14 verbose stack     at EventEmitter.emit (events.js:191:7)
14 verbose stack     at ChildProcess.<anonymous> (C:\Program Files\nodejs\node_modules\npm\lib\utils\spawn.js:40:14)
14 verbose stack     at emitTwo (events.js:106:13)
14 verbose stack     at ChildProcess.emit (events.js:191:7)
14 verbose stack     at maybeClose (internal/child_process.js:877:16)
14 verbose stack     at Process.ChildProcess._handle.onexit (internal/child_process.js:226:5)
15 verbose pkgid HoutaiGuanli@1.0.0
16 verbose cwd C:\GitWorkSpace\HoutaiGuanli
17 error Windows_NT 10.0.16299
18 error argv "C:\\Program Files\\nodejs\\node.exe" "C:\\Program Files\\nodejs\\node_modules\\npm\\bin\\npm-cli.js" "run" "dist_win"
19 error node v6.10.0
20 error npm  v3.10.10
21 error code ELIFECYCLE
22 error HoutaiGuanli@1.0.0 dist_win: `set WEBPACK_ENV=online&& node_modules/.bin/webpack -p`
22 error Exit status 1
23 error Failed at the HoutaiGuanli@1.0.0 dist_win script 'set WEBPACK_ENV=online&& node_modules/.bin/webpack -p'.
23 error Make sure you have the latest version of node.js and npm installed.
23 error If you do, this is most likely a problem with the HoutaiGuanli package,
23 error not with npm itself.
23 error Tell the author that this fails on your system:
23 error     set WEBPACK_ENV=online&& node_modules/.bin/webpack -p
23 error You can get information on how to open an issue for this project with:
23 error     npm bugs HoutaiGuanli
23 error Or if that isn't available, you can get their info via:
23 error     npm owner ls HoutaiGuanli
23 error There is likely additional logging output above.
24 verbose exit [ 1, true ]
