Arguments: 
  C:\Program Files\nodejs\node.exe C:\Users\rd08\AppData\Roaming\npm\node_modules\yarn\bin\yarn.js init

PATH: 
  C:\Users\rd08\bin;C:\Program Files\Git\mingw64\bin;C:\Program Files\Git\usr\local\bin;C:\Program Files\Git\usr\bin;C:\Program Files\Git\usr\bin;C:\Program Files\Git\mingw64\bin;C:\Program Files\Git\usr\bin;C:\Users\rd08\bin;C:\Program Files (x86)\Common Files\NetSarang;C:\ProgramData\Oracle\Java\javapath;C:\Windows\system32;C:\Windows;C:\Windows\System32\Wbem;C:\Windows\System32\WindowsPowerShell\v1.0;C:\Program Files (x86)\NVIDIA Corporation\PhysX\Common;C:\Program Files\Java\jdk1.8.0_121\bin;C:\Program Files\Java\jdk1.8.0_121\jre\bin;C:\Program Files\nodejs;C:\WINDOWS\system32;C:\WINDOWS;C:\WINDOWS\System32\Wbem;C:\WINDOWS\System32\WindowsPowerShell\v1.0;C:\Program Files\maven\bin;C:\Users\rd08\AppData\Roaming\npm;C:\Users\rd08\AppData\Local\Microsoft\WindowsApps;C:\Program Files (x86)\SSH Communications Security\SSH Secure Shell;C:\Program Files\Microsoft VS Code\bin;C:\Program Files\Git\usr\bin\vendor_perl;C:\Program Files\Git\usr\bin\core_perl

Yarn version: 
  1.6.0

Node version: 
  6.10.0

Platform: 
  win32 x64

Trace: 
  Error: Can't answer a question unless a user TTY
      at ConsoleReporter.question (C:\Users\rd08\AppData\Roaming\npm\node_modules\yarn\lib\cli.js:93239:59)
      at Object.<anonymous> (C:\Users\rd08\AppData\Roaming\npm\node_modules\yarn\lib\cli.js:86193:38)
      at next (native)
      at step (C:\Users\rd08\AppData\Roaming\npm\node_modules\yarn\lib\cli.js:98:30)
      at C:\Users\rd08\AppData\Roaming\npm\node_modules\yarn\lib\cli.js:109:13
      at process._tickCallback (internal/process/next_tick.js:103:7)

npm manifest: 
  No manifest

yarn manifest: 
  No manifest

Lockfile: 
  No lockfile
